[WARN] dbPassword used on the command line, consider moving the password to a properties file using the key `data.password` and using the --propertyfile argument instead
[INFO] 

Dependency-Check is an open source tool performing a best effort analysis of 3rd party dependencies; false positives and false negatives may exist in the analysis performed by the tool. Use of the tool and the reporting provided constitutes acceptance for use in an AS IS condition, and there are NO warranties, implied or otherwise, with regard to the analysis or its use. Any use of the tool and the reporting provided is at the user’s risk. In no event shall the copyright holder or OWASP be held liable for any damages whatsoever arising out of or in connection with the use of this tool, the analysis performed, or the resulting report.


[INFO] Analysis Started
[INFO] Finished Archive Analyzer (0 seconds)
[INFO] Finished File Name Analyzer (0 seconds)
[INFO] Finished Jar Analyzer (0 seconds)
[INFO] Finished Central Analyzer (25 seconds)
[INFO] Finished Dependency Merging Analyzer (0 seconds)
[INFO] Finished Version Filter Analyzer (0 seconds)
[INFO] Finished Hint Analyzer (0 seconds)
[INFO] Created CPE Index (1 seconds)
[INFO] Finished CPE Analyzer (3 seconds)
[INFO] Finished False Positive Analyzer (0 seconds)
[INFO] Finished NVD CVE Analyzer (4 seconds)
[INFO] Finished Sonatype OSS Index Analyzer (2 seconds)
[INFO] Finished Vulnerability Suppression Analyzer (0 seconds)
[INFO] Finished Dependency Bundling Analyzer (0 seconds)
[INFO] Analysis Complete (37 seconds)
[INFO] Writing report to: /clusterscanner/data/dependency-check-report.xml
[INFO] Writing report to: /clusterscanner/data/dependency-check-report.html
[INFO] Writing report to: /clusterscanner/data/dependency-check-report.json
[INFO] Writing report to: /clusterscanner/data/dependency-check-report.csv
[INFO] Writing report to: /clusterscanner/data/dependency-check-report.sarif
[INFO] Writing report to: /clusterscanner/data/dependency-check-junit.xml
